Starting new HTTP connection (1): httpbin.org:80
http://httpbin.org:80 "GET /headers HTTP/1.1" 200 245
Starting new HTTP connection (1): httpbin.org:80
Starting new HTTP connection (1): httpbin.org:80
http://httpbin.org:80 "GET /status/200,300,400,500 HTTP/1.1" 200 0
Starting new HTTP connection (1): httpbin.org:80
http://httpbin.org:80 "GET /status/200 HTTP/1.1" 200 0
Starting new HTTP connection (1): httpbin.org:80
http://httpbin.org:80 "POST /status/200 HTTP/1.1" 200 0
Starting new HTTP connection (1): httpbin.org:80
http://httpbin.org:80 "PUT /status/200 HTTP/1.1" 200 0
Starting new HTTP connection (1): httpbin.org:80
http://httpbin.org:80 "DELETE /status/200 HTTP/1.1" 200 0
Starting new HTTP connection (1): httpbin.org:80
http://httpbin.org:80 "PATCH /status/200 HTTP/1.1" 200 0
Starting new HTTP connection (1): httpbin.org:80
http://httpbin.org:80 "GET /status/300 HTTP/1.1" 300 0
Starting new HTTP connection (1): httpbin.org:80
http://httpbin.org:80 "POST /status/300 HTTP/1.1" 300 0
Starting new HTTP connection (1): httpbin.org:80
http://httpbin.org:80 "PUT /status/300 HTTP/1.1" 300 0
Starting new HTTP connection (1): httpbin.org:80
http://httpbin.org:80 "DELETE /status/300 HTTP/1.1" 300 0
Starting new HTTP connection (1): httpbin.org:80
http://httpbin.org:80 "PATCH /status/300 HTTP/1.1" 300 0
Starting new HTTP connection (1): httpbin.org:80
http://httpbin.org:80 "GET /status/400 HTTP/1.1" 400 0
Starting new HTTP connection (1): httpbin.org:80
http://httpbin.org:80 "POST /status/400 HTTP/1.1" 400 0
Starting new HTTP connection (1): httpbin.org:80
http://httpbin.org:80 "PUT /status/400 HTTP/1.1" 400 0
Starting new HTTP connection (1): httpbin.org:80
http://httpbin.org:80 "DELETE /status/400 HTTP/1.1" 400 0
Starting new HTTP connection (1): httpbin.org:80
http://httpbin.org:80 "PATCH /status/400 HTTP/1.1" 400 0
Starting new HTTP connection (1): httpbin.org:80
http://httpbin.org:80 "GET /status/500 HTTP/1.1" 500 0
Starting new HTTP connection (1): httpbin.org:80
http://httpbin.org:80 "POST /status/500 HTTP/1.1" 500 0
Starting new HTTP connection (1): httpbin.org:80
http://httpbin.org:80 "PUT /status/500 HTTP/1.1" 500 0
Starting new HTTP connection (1): httpbin.org:80
http://httpbin.org:80 "DELETE /status/500 HTTP/1.1" 500 0
Starting new HTTP connection (1): httpbin.org:80
http://httpbin.org:80 "PATCH /status/500 HTTP/1.1" 500 0
